# JRE version: OpenJDK Runtime Environment (11.0.8+10) (build 11.0.8+10-b944.6842174)
# Java VM: OpenJDK 64-Bit Server VM (11.0.8+10-b944.6842174, mixed mode, tiered, compressed oops, g1 gc, windows-amd64)
Heap:
 garbage-first heap   total 168960K, used 143944K [0x0000000080000000, 0x0000000100000000)
  region size 1024K, 28 young (28672K), 1 survivors (1024K)
 Metaspace       used 109315K, capacity 112518K, committed 112724K, reserved 1146880K
  class space    used 14089K, capacity 15274K, committed 15360K, reserved 1048576K
GC Heap History (20 events):
Event: 457.310 GC heap before
{Heap before GC invocations=47 (full 0):
 garbage-first heap   total 168960K, used 140138K [0x0000000080000000, 0x0000000100000000)
  region size 1024K, 35 young (35840K), 5 survivors (5120K)
 Metaspace       used 95137K, capacity 97618K, committed 97748K, reserved 1134592K
  class space    used 12046K, capacity 12884K, committed 12928K, reserved 1048576K
}
Event: 457.324 GC heap after
{Heap after GC invocations=48 (full 0):
 garbage-first heap   total 168960K, used 113316K [0x0000000080000000, 0x0000000100000000)
  region size 1024K, 3 young (3072K), 3 survivors (3072K)
 Metaspace       used 95137K, capacity 97618K, committed 97748K, reserved 1134592K
  class space    used 12046K, capacity 12884K, committed 12928K, reserved 1048576K
}
Event: 457.879 GC heap before
{Heap before GC invocations=48 (full 0):
 garbage-first heap   total 168960K, used 140964K [0x0000000080000000, 0x0000000100000000)
  region size 1024K, 31 young (31744K), 3 survivors (3072K)
 Metaspace       used 95155K, capacity 97682K, committed 97748K, reserved 1134592K
  class space    used 12047K, capacity 12884K, committed 12928K, reserved 1048576K
}
Event: 457.889 GC heap after
{Heap after GC invocations=49 (full 0):
 garbage-first heap   total 168960K, used 115120K [0x0000000080000000, 0x0000000100000000)
  region size 1024K, 3 young (3072K), 3 survivors (3072K)
 Metaspace       used 95155K, capacity 97682K, committed 97748K, reserved 1134592K
  class space    used 12047K, capacity 12884K, committed 12928K, reserved 1048576K
}
Event: 458.341 GC heap before
{Heap before GC invocations=50 (full 0):
 garbage-first heap   total 168960K, used 141744K [0x0000000080000000, 0x0000000100000000)
  region size 1024K, 30 young (30720K), 3 survivors (3072K)
 Metaspace       used 95153K, capacity 97676K, committed 97748K, reserved 1134592K
  class space    used 12046K, capacity 12882K, committed 12928K, reserved 1048576K
}
Event: 458.348 GC heap after
{Heap after GC invocations=51 (full 0):
 garbage-first heap   total 168960K, used 116531K [0x0000000080000000, 0x0000000100000000)
  region size 1024K, 3 young (3072K), 3 survivors (3072K)
 Metaspace       used 95153K, capacity 97676K, committed 97748K, reserved 1134592K
  class space    used 12046K, capacity 12882K, committed 12928K, reserved 1048576K
}
Event: 458.385 GC heap before
{Heap before GC invocations=51 (full 0):
 garbage-first heap   total 168960K, used 120627K [0x0000000080000000, 0x0000000100000000)
  region size 1024K, 8 young (8192K), 3 survivors (3072K)
 Metaspace       used 95153K, capacity 97676K, committed 97748K, reserved 1134592K
  class space    used 12046K, capacity 12882K, committed 12928K, reserved 1048576K
}
Event: 458.398 GC heap after
{Heap after GC invocations=52 (full 0):
 garbage-first heap   total 168960K, used 112423K [0x0000000080000000, 0x0000000100000000)
  region size 1024K, 1 young (1024K), 1 survivors (1024K)
 Metaspace       used 95153K, capacity 97676K, committed 97748K, reserved 1134592K
  class space    used 12046K, capacity 12882K, committed 12928K, reserved 1048576K
}
Event: 458.878 GC heap before
{Heap before GC invocations=52 (full 0):
 garbage-first heap   total 168960K, used 141095K [0x0000000080000000, 0x0000000100000000)
  region size 1024K, 30 young (30720K), 1 survivors (1024K)
 Metaspace       used 98590K, capacity 101155K, committed 101460K, reserved 1136640K
  class space    used 12548K, capacity 13441K, committed 13568K, reserved 1048576K
}
Event: 458.886 GC heap after
{Heap after GC invocations=53 (full 0):
 garbage-first heap   total 168960K, used 113931K [0x0000000080000000, 0x0000000100000000)
  region size 1024K, 3 young (3072K), 3 survivors (3072K)
 Metaspace       used 98590K, capacity 101155K, committed 101460K, reserved 1136640K
  class space    used 12548K, capacity 13441K, committed 13568K, reserved 1048576K
}
Event: 459.572 GC heap before
{Heap before GC invocations=53 (full 0):
 garbage-first heap   total 168960K, used 141579K [0x0000000080000000, 0x0000000100000000)
  region size 1024K, 31 young (31744K), 3 survivors (3072K)
 Metaspace       used 103902K, capacity 106792K, committed 106964K, reserved 1142784K
  class space    used 13350K, capacity 14397K, committed 14464K, reserved 1048576K
}
Event: 459.580 GC heap after
{Heap after GC invocations=54 (full 0):
 garbage-first heap   total 168960K, used 115358K [0x0000000080000000, 0x0000000100000000)
  region size 1024K, 4 young (4096K), 4 survivors (4096K)
 Metaspace       used 103902K, capacity 106792K, committed 106964K, reserved 1142784K
  class space    used 13350K, capacity 14397K, committed 14464K, reserved 1048576K
}
Event: 460.588 GC heap before
{Heap before GC invocations=54 (full 0):
 garbage-first heap   total 168960K, used 143006K [0x0000000080000000, 0x0000000100000000)
  region size 1024K, 32 young (32768K), 4 survivors (4096K)
 Metaspace       used 105542K, capacity 108581K, committed 108756K, reserved 1142784K
  class space    used 13537K, capacity 14641K, committed 14720K, reserved 1048576K
}
Event: 460.595 GC heap after
{Heap after GC invocations=55 (full 0):
 garbage-first heap   total 168960K, used 115906K [0x0000000080000000, 0x0000000100000000)
  region size 1024K, 3 young (3072K), 3 survivors (3072K)
 Metaspace       used 105542K, capacity 108581K, committed 108756K, reserved 1142784K
  class space    used 13537K, capacity 14641K, committed 14720K, reserved 1048576K
}
Event: 462.822 GC heap before
{Heap before GC invocations=56 (full 0):
 garbage-first heap   total 168960K, used 143554K [0x0000000080000000, 0x0000000100000000)
  region size 1024K, 31 young (31744K), 3 survivors (3072K)
 Metaspace       used 106980K, capacity 110016K, committed 110292K, reserved 1144832K
  class space    used 13774K, capacity 14909K, committed 14976K, reserved 1048576K
}
Event: 462.839 GC heap after
{Heap after GC invocations=57 (full 0):
 garbage-first heap   total 168960K, used 118429K [0x0000000080000000, 0x0000000100000000)
  region size 1024K, 4 young (4096K), 4 survivors (4096K)
 Metaspace       used 106980K, capacity 110016K, committed 110292K, reserved 1144832K
  class space    used 13774K, capacity 14909K, committed 14976K, reserved 1048576K
}
Event: 462.962 GC heap before
{Heap before GC invocations=57 (full 0):
 garbage-first heap   total 168960K, used 122525K [0x0000000080000000, 0x0000000100000000)
  region size 1024K, 8 young (8192K), 4 survivors (4096K)
 Metaspace       used 107507K, capacity 110505K, committed 110548K, reserved 1144832K
  class space    used 13840K, capacity 14944K, committed 14976K, reserved 1048576K
}
Event: 462.974 GC heap after
{Heap after GC invocations=58 (full 0):
 garbage-first heap   total 168960K, used 116957K [0x0000000080000000, 0x0000000100000000)
  region size 1024K, 1 young (1024K), 1 survivors (1024K)
 Metaspace       used 107507K, capacity 110505K, committed 110548K, reserved 1144832K
  class space    used 13840K, capacity 14944K, committed 14976K, reserved 1048576K
}
Event: 772.483 GC heap before
{Heap before GC invocations=58 (full 0):
 garbage-first heap   total 168960K, used 160989K [0x0000000080000000, 0x0000000100000000)
  region size 1024K, 28 young (28672K), 1 survivors (1024K)
 Metaspace       used 109197K, capacity 112386K, committed 112724K, reserved 1146880K
  class space    used 14081K, capacity 15258K, committed 15360K, reserved 1048576K
}
Event: 772.486 GC heap after
{Heap after GC invocations=59 (full 0):
 garbage-first heap   total 168960K, used 117320K [0x0000000080000000, 0x0000000100000000)
  region size 1024K, 1 young (1024K), 1 survivors (1024K)
 Metaspace       used 109197K, capacity 112386K, committed 112724K, reserved 1146880K
  class space    used 14081K, capacity 15258K, committed 15360K, reserved 1048576K
}

