# JRE version: OpenJDK Runtime Environment (11.0.8+10) (build 11.0.8+10-b944.6842174)
# Java VM: OpenJDK 64-Bit Server VM (11.0.8+10-b944.6842174, mixed mode, tiered, compressed oops, g1 gc, windows-amd64)
Heap:
 garbage-first heap   total 286720K, used 165215K [0x0000000080000000, 0x0000000100000000)
  region size 1024K, 32 young (32768K), 14 survivors (14336K)
 Metaspace       used 125618K, capacity 128885K, committed 129024K, reserved 1161216K
  class space    used 15697K, capacity 16875K, committed 16896K, reserved 1048576K
GC Heap History (20 events):
Event: 120.538 GC heap before
{Heap before GC invocations=46 (full 0):
 garbage-first heap   total 286720K, used 234290K [0x0000000080000000, 0x0000000100000000)
  region size 1024K, 100 young (102400K), 2 survivors (2048K)
 Metaspace       used 124619K, capacity 127786K, committed 128000K, reserved 1161216K
  class space    used 15638K, capacity 16791K, committed 16896K, reserved 1048576K
}
Event: 120.561 GC heap after
{Heap after GC invocations=47 (full 0):
 garbage-first heap   total 286720K, used 140460K [0x0000000080000000, 0x0000000100000000)
  region size 1024K, 7 young (7168K), 7 survivors (7168K)
 Metaspace       used 124619K, capacity 127786K, committed 128000K, reserved 1161216K
  class space    used 15638K, capacity 16791K, committed 16896K, reserved 1048576K
}
Event: 141.186 GC heap before
{Heap before GC invocations=48 (full 0):
 garbage-first heap   total 286720K, used 230572K [0x0000000080000000, 0x0000000100000000)
  region size 1024K, 101 young (103424K), 7 survivors (7168K)
 Metaspace       used 124749K, capacity 128018K, committed 128256K, reserved 1161216K
  class space    used 15644K, capacity 16802K, committed 16896K, reserved 1048576K
}
Event: 141.207 GC heap after
{Heap after GC invocations=49 (full 0):
 garbage-first heap   total 286720K, used 135902K [0x0000000080000000, 0x0000000100000000)
  region size 1024K, 7 young (7168K), 7 survivors (7168K)
 Metaspace       used 124749K, capacity 128018K, committed 128256K, reserved 1161216K
  class space    used 15644K, capacity 16802K, committed 16896K, reserved 1048576K
}
Event: 141.432 GC heap before
{Heap before GC invocations=49 (full 0):
 garbage-first heap   total 286720K, used 143070K [0x0000000080000000, 0x0000000100000000)
  region size 1024K, 14 young (14336K), 7 survivors (7168K)
 Metaspace       used 124798K, capacity 128080K, committed 128256K, reserved 1161216K
  class space    used 15652K, capacity 16817K, committed 16896K, reserved 1048576K
}
Event: 141.456 GC heap after
{Heap after GC invocations=50 (full 0):
 garbage-first heap   total 286720K, used 117815K [0x0000000080000000, 0x0000000100000000)
  region size 1024K, 2 young (2048K), 2 survivors (2048K)
 Metaspace       used 124798K, capacity 128080K, committed 128256K, reserved 1161216K
  class space    used 15652K, capacity 16817K, committed 16896K, reserved 1048576K
}
Event: 142.418 GC heap before
{Heap before GC invocations=50 (full 0):
 garbage-first heap   total 286720K, used 231479K [0x0000000080000000, 0x0000000100000000)
  region size 1024K, 114 young (116736K), 2 survivors (2048K)
 Metaspace       used 125033K, capacity 128298K, committed 128512K, reserved 1161216K
  class space    used 15666K, capacity 16842K, committed 16896K, reserved 1048576K
}
Event: 142.453 GC heap after
{Heap after GC invocations=51 (full 0):
 garbage-first heap   total 286720K, used 122818K [0x0000000080000000, 0x0000000100000000)
  region size 1024K, 7 young (7168K), 7 survivors (7168K)
 Metaspace       used 125033K, capacity 128298K, committed 128512K, reserved 1161216K
  class space    used 15666K, capacity 16842K, committed 16896K, reserved 1048576K
}
Event: 144.507 GC heap before
{Heap before GC invocations=52 (full 0):
 garbage-first heap   total 286720K, used 234434K [0x0000000080000000, 0x0000000100000000)
  region size 1024K, 117 young (119808K), 7 survivors (7168K)
 Metaspace       used 125118K, capacity 128415K, committed 128512K, reserved 1161216K
  class space    used 15673K, capacity 16855K, committed 16896K, reserved 1048576K
}
Event: 144.519 GC heap after
{Heap after GC invocations=53 (full 0):
 garbage-first heap   total 286720K, used 124820K [0x0000000080000000, 0x0000000100000000)
  region size 1024K, 9 young (9216K), 9 survivors (9216K)
 Metaspace       used 125118K, capacity 128415K, committed 128512K, reserved 1161216K
  class space    used 15673K, capacity 16855K, committed 16896K, reserved 1048576K
}
Event: 144.551 GC heap before
{Heap before GC invocations=53 (full 0):
 garbage-first heap   total 286720K, used 128916K [0x0000000080000000, 0x0000000100000000)
  region size 1024K, 14 young (14336K), 9 survivors (9216K)
 Metaspace       used 125118K, capacity 128415K, committed 128512K, reserved 1161216K
  class space    used 15673K, capacity 16855K, committed 16896K, reserved 1048576K
}
Event: 144.566 GC heap after
{Heap after GC invocations=54 (full 0):
 garbage-first heap   total 286720K, used 119104K [0x0000000080000000, 0x0000000100000000)
  region size 1024K, 2 young (2048K), 2 survivors (2048K)
 Metaspace       used 125118K, capacity 128415K, committed 128512K, reserved 1161216K
  class space    used 15673K, capacity 16855K, committed 16896K, reserved 1048576K
}
Event: 145.181 GC heap before
{Heap before GC invocations=54 (full 0):
 garbage-first heap   total 286720K, used 206144K [0x0000000080000000, 0x0000000100000000)
  region size 1024K, 89 young (91136K), 2 survivors (2048K)
 Metaspace       used 125201K, capacity 128505K, committed 128768K, reserved 1161216K
  class space    used 15675K, capacity 16859K, committed 16896K, reserved 1048576K
}
Event: 145.191 GC heap after
{Heap after GC invocations=55 (full 0):
 garbage-first heap   total 286720K, used 119487K [0x0000000080000000, 0x0000000100000000)
  region size 1024K, 2 young (2048K), 2 survivors (2048K)
 Metaspace       used 125201K, capacity 128505K, committed 128768K, reserved 1161216K
  class space    used 15675K, capacity 16859K, committed 16896K, reserved 1048576K
}
Event: 202.645 GC heap before
{Heap before GC invocations=56 (full 0):
 garbage-first heap   total 286720K, used 254655K [0x0000000080000000, 0x0000000100000000)
  region size 1024K, 117 young (119808K), 2 survivors (2048K)
 Metaspace       used 125415K, capacity 128741K, committed 128768K, reserved 1161216K
  class space    used 15683K, capacity 16872K, committed 16896K, reserved 1048576K
}
Event: 202.661 GC heap after
{Heap after GC invocations=57 (full 0):
 garbage-first heap   total 286720K, used 125779K [0x0000000080000000, 0x0000000100000000)
  region size 1024K, 8 young (8192K), 8 survivors (8192K)
 Metaspace       used 125415K, capacity 128741K, committed 128768K, reserved 1161216K
  class space    used 15683K, capacity 16872K, committed 16896K, reserved 1048576K
}
Event: 202.721 GC heap before
{Heap before GC invocations=57 (full 0):
 garbage-first heap   total 286720K, used 132947K [0x0000000080000000, 0x0000000100000000)
  region size 1024K, 14 young (14336K), 8 survivors (8192K)
 Metaspace       used 125418K, capacity 128742K, committed 128768K, reserved 1161216K
  class space    used 15683K, capacity 16872K, committed 16896K, reserved 1048576K
}
Event: 202.734 GC heap after
{Heap after GC invocations=58 (full 0):
 garbage-first heap   total 286720K, used 130950K [0x0000000080000000, 0x0000000100000000)
  region size 1024K, 2 young (2048K), 2 survivors (2048K)
 Metaspace       used 125418K, capacity 128742K, committed 128768K, reserved 1161216K
  class space    used 15683K, capacity 16872K, committed 16896K, reserved 1048576K
}
Event: 202.932 GC heap before
{Heap before GC invocations=58 (full 0):
 garbage-first heap   total 286720K, used 161670K [0x0000000080000000, 0x0000000100000000)
  region size 1024K, 33 young (33792K), 2 survivors (2048K)
 Metaspace       used 125605K, capacity 128882K, committed 129024K, reserved 1161216K
  class space    used 15697K, capacity 16874K, committed 16896K, reserved 1048576K
}
Event: 202.951 GC heap after
{Heap after GC invocations=59 (full 0):
 garbage-first heap   total 286720K, used 144735K [0x0000000080000000, 0x0000000100000000)
  region size 1024K, 14 young (14336K), 14 survivors (14336K)
 Metaspace       used 125605K, capacity 128882K, committed 129024K, reserved 1161216K
  class space    used 15697K, capacity 16874K, committed 16896K, reserved 1048576K
}

