# JRE version: OpenJDK Runtime Environment (11.0.8+10) (build 11.0.8+10-b944.6842174)
# Java VM: OpenJDK 64-Bit Server VM (11.0.8+10-b944.6842174, mixed mode, tiered, compressed oops, g1 gc, windows-amd64)
Heap:
 garbage-first heap   total 168960K, used 158503K [0x0000000080000000, 0x0000000100000000)
  region size 1024K, 22 young (22528K), 2 survivors (2048K)
 Metaspace       used 107799K, capacity 110704K, committed 111180K, reserved 1144832K
  class space    used 13920K, capacity 14971K, committed 15180K, reserved 1048576K
GC Heap History (20 events):
Event: 599.364 GC heap after
{Heap after GC invocations=39 (full 0):
 garbage-first heap   total 168960K, used 112043K [0x0000000080000000, 0x0000000100000000)
  region size 1024K, 4 young (4096K), 4 survivors (4096K)
 Metaspace       used 94122K, capacity 96533K, committed 96844K, reserved 1132544K
  class space    used 11995K, capacity 12803K, committed 12876K, reserved 1048576K
}
Event: 599.389 GC heap before
{Heap before GC invocations=39 (full 0):
 garbage-first heap   total 168960K, used 115115K [0x0000000080000000, 0x0000000100000000)
  region size 1024K, 8 young (8192K), 4 survivors (4096K)
 Metaspace       used 94122K, capacity 96533K, committed 96844K, reserved 1132544K
  class space    used 11995K, capacity 12803K, committed 12876K, reserved 1048576K
}
Event: 599.399 GC heap after
{Heap after GC invocations=40 (full 0):
 garbage-first heap   total 168960K, used 111273K [0x0000000080000000, 0x0000000100000000)
  region size 1024K, 1 young (1024K), 1 survivors (1024K)
 Metaspace       used 94122K, capacity 96533K, committed 96844K, reserved 1132544K
  class space    used 11995K, capacity 12803K, committed 12876K, reserved 1048576K
}
Event: 599.693 GC heap before
{Heap before GC invocations=40 (full 0):
 garbage-first heap   total 168960K, used 137897K [0x0000000080000000, 0x0000000100000000)
  region size 1024K, 28 young (28672K), 1 survivors (1024K)
 Metaspace       used 94140K, capacity 96534K, committed 96844K, reserved 1132544K
  class space    used 11996K, capacity 12803K, committed 12876K, reserved 1048576K
}
Event: 599.698 GC heap after
{Heap after GC invocations=41 (full 0):
 garbage-first heap   total 168960K, used 113368K [0x0000000080000000, 0x0000000100000000)
  region size 1024K, 3 young (3072K), 3 survivors (3072K)
 Metaspace       used 94140K, capacity 96534K, committed 96844K, reserved 1132544K
  class space    used 11996K, capacity 12803K, committed 12876K, reserved 1048576K
}
Event: 599.927 GC heap before
{Heap before GC invocations=41 (full 0):
 garbage-first heap   total 168960K, used 139992K [0x0000000080000000, 0x0000000100000000)
  region size 1024K, 30 young (30720K), 3 survivors (3072K)
 Metaspace       used 94153K, capacity 96534K, committed 96844K, reserved 1132544K
  class space    used 11997K, capacity 12803K, committed 12876K, reserved 1048576K
}
Event: 599.933 GC heap after
{Heap after GC invocations=42 (full 0):
 garbage-first heap   total 168960K, used 114872K [0x0000000080000000, 0x0000000100000000)
  region size 1024K, 2 young (2048K), 2 survivors (2048K)
 Metaspace       used 94153K, capacity 96534K, committed 96844K, reserved 1132544K
  class space    used 11997K, capacity 12803K, committed 12876K, reserved 1048576K
}
Event: 600.402 GC heap before
{Heap before GC invocations=42 (full 0):
 garbage-first heap   total 168960K, used 140472K [0x0000000080000000, 0x0000000100000000)
  region size 1024K, 28 young (28672K), 2 survivors (2048K)
 Metaspace       used 97379K, capacity 99890K, committed 100172K, reserved 1136640K
  class space    used 12464K, capacity 13316K, committed 13388K, reserved 1048576K
}
Event: 600.411 GC heap after
{Heap after GC invocations=43 (full 0):
 garbage-first heap   total 168960K, used 116368K [0x0000000080000000, 0x0000000100000000)
  region size 1024K, 4 young (4096K), 4 survivors (4096K)
 Metaspace       used 97379K, capacity 99890K, committed 100172K, reserved 1136640K
  class space    used 12464K, capacity 13316K, committed 13388K, reserved 1048576K
}
Event: 601.172 GC heap before
{Heap before GC invocations=44 (full 0):
 garbage-first heap   total 168960K, used 140944K [0x0000000080000000, 0x0000000100000000)
  region size 1024K, 29 young (29696K), 4 survivors (4096K)
 Metaspace       used 103023K, capacity 105763K, committed 106060K, reserved 1140736K
  class space    used 13317K, capacity 14304K, committed 14412K, reserved 1048576K
}
Event: 601.188 GC heap after
{Heap after GC invocations=45 (full 0):
 garbage-first heap   total 168960K, used 117676K [0x0000000080000000, 0x0000000100000000)
  region size 1024K, 3 young (3072K), 3 survivors (3072K)
 Metaspace       used 103023K, capacity 105763K, committed 106060K, reserved 1140736K
  class space    used 13317K, capacity 14304K, committed 14412K, reserved 1048576K
}
Event: 601.554 GC heap before
{Heap before GC invocations=45 (full 0):
 garbage-first heap   total 168960K, used 121772K [0x0000000080000000, 0x0000000100000000)
  region size 1024K, 8 young (8192K), 3 survivors (3072K)
 Metaspace       used 103860K, capacity 106697K, committed 106956K, reserved 1142784K
  class space    used 13441K, capacity 14464K, committed 14540K, reserved 1048576K
}
Event: 601.586 GC heap after
{Heap after GC invocations=46 (full 0):
 garbage-first heap   total 168960K, used 114077K [0x0000000080000000, 0x0000000100000000)
  region size 1024K, 1 young (1024K), 1 survivors (1024K)
 Metaspace       used 103860K, capacity 106697K, committed 106956K, reserved 1142784K
  class space    used 13441K, capacity 14464K, committed 14540K, reserved 1048576K
}
Event: 603.026 GC heap before
{Heap before GC invocations=46 (full 0):
 garbage-first heap   total 168960K, used 140701K [0x0000000080000000, 0x0000000100000000)
  region size 1024K, 28 young (28672K), 1 survivors (1024K)
 Metaspace       used 104200K, capacity 107182K, committed 107212K, reserved 1142784K
  class space    used 13472K, capacity 14510K, committed 14540K, reserved 1048576K
}
Event: 603.036 GC heap after
{Heap after GC invocations=47 (full 0):
 garbage-first heap   total 168960K, used 115249K [0x0000000080000000, 0x0000000100000000)
  region size 1024K, 2 young (2048K), 2 survivors (2048K)
 Metaspace       used 104200K, capacity 107182K, committed 107212K, reserved 1142784K
  class space    used 13472K, capacity 14510K, committed 14540K, reserved 1048576K
}
Event: 603.645 GC heap before
{Heap before GC invocations=47 (full 0):
 garbage-first heap   total 168960K, used 141873K [0x0000000080000000, 0x0000000100000000)
  region size 1024K, 29 young (29696K), 2 survivors (2048K)
 Metaspace       used 106596K, capacity 109552K, committed 109644K, reserved 1144832K
  class space    used 13799K, capacity 14857K, committed 14924K, reserved 1048576K
}
Event: 603.652 GC heap after
{Heap after GC invocations=48 (full 0):
 garbage-first heap   total 168960K, used 117591K [0x0000000080000000, 0x0000000100000000)
  region size 1024K, 4 young (4096K), 4 survivors (4096K)
 Metaspace       used 106596K, capacity 109552K, committed 109644K, reserved 1144832K
  class space    used 13799K, capacity 14857K, committed 14924K, reserved 1048576K
}
Event: 603.823 GC heap before
{Heap before GC invocations=48 (full 0):
 garbage-first heap   total 168960K, used 128855K [0x0000000080000000, 0x0000000100000000)
  region size 1024K, 17 young (17408K), 4 survivors (4096K)
 Metaspace       used 107439K, capacity 110443K, committed 110540K, reserved 1144832K
  class space    used 13925K, capacity 14987K, committed 15052K, reserved 1048576K
}
Event: 603.830 GC heap after
{Heap after GC invocations=49 (full 0):
 garbage-first heap   total 168960K, used 118567K [0x0000000080000000, 0x0000000100000000)
  region size 1024K, 1 young (1024K), 1 survivors (1024K)
 Metaspace       used 107439K, capacity 110443K, committed 110540K, reserved 1144832K
  class space    used 13925K, capacity 14987K, committed 15052K, reserved 1048576K
}
Event: 751.640 GC heap before
{Heap before GC invocations=50 (full 0):
 garbage-first heap   total 168960K, used 157479K [0x0000000080000000, 0x0000000100000000)
  region size 1024K, 21 young (21504K), 1 survivors (1024K)
 Metaspace       used 107799K, capacity 110704K, committed 111180K, reserved 1144832K
  class space    used 13920K, capacity 14971K, committed 15180K, reserved 1048576K
}

