# JRE version: OpenJDK Runtime Environment (11.0.8+10) (build 11.0.8+10-b944.6842174)
# Java VM: OpenJDK 64-Bit Server VM (11.0.8+10-b944.6842174, mixed mode, tiered, compressed oops, g1 gc, windows-amd64)
Heap:
 garbage-first heap   total 164864K, used 83766K [0x0000000080000000, 0x0000000100000000)
  region size 1024K, 21 young (21504K), 6 survivors (6144K)
 Metaspace       used 74643K, capacity 76419K, committed 76756K, reserved 1116160K
  class space    used 9392K, capacity 10017K, committed 10112K, reserved 1048576K
GC Heap History (20 events):
Event: 10.240 GC heap before
{Heap before GC invocations=12 (full 0):
 garbage-first heap   total 113664K, used 74557K [0x0000000080000000, 0x0000000100000000)
  region size 1024K, 47 young (48128K), 5 survivors (5120K)
 Metaspace       used 44536K, capacity 45608K, committed 45776K, reserved 1089536K
  class space    used 5685K, capacity 6075K, committed 6144K, reserved 1048576K
}
Event: 10.255 GC heap after
{Heap after GC invocations=13 (full 0):
 garbage-first heap   total 113664K, used 35927K [0x0000000080000000, 0x0000000100000000)
  region size 1024K, 6 young (6144K), 6 survivors (6144K)
 Metaspace       used 44536K, capacity 45608K, committed 45776K, reserved 1089536K
  class space    used 5685K, capacity 6075K, committed 6144K, reserved 1048576K
}
Event: 11.016 GC heap before
{Heap before GC invocations=13 (full 0):
 garbage-first heap   total 113664K, used 85079K [0x0000000080000000, 0x0000000100000000)
  region size 1024K, 48 young (49152K), 6 survivors (6144K)
 Metaspace       used 48400K, capacity 49687K, committed 49872K, reserved 1093632K
  class space    used 6135K, capacity 6576K, committed 6656K, reserved 1048576K
}
Event: 11.027 GC heap after
{Heap after GC invocations=14 (full 0):
 garbage-first heap   total 113664K, used 51024K [0x0000000080000000, 0x0000000100000000)
  region size 1024K, 6 young (6144K), 6 survivors (6144K)
 Metaspace       used 48400K, capacity 49687K, committed 49872K, reserved 1093632K
  class space    used 6135K, capacity 6576K, committed 6656K, reserved 1048576K
}
Event: 11.531 GC heap before
{Heap before GC invocations=14 (full 0):
 garbage-first heap   total 113664K, used 84816K [0x0000000080000000, 0x0000000100000000)
  region size 1024K, 39 young (39936K), 6 survivors (6144K)
 Metaspace       used 52774K, capacity 54197K, committed 54352K, reserved 1095680K
  class space    used 6710K, capacity 7203K, committed 7296K, reserved 1048576K
}
Event: 11.537 GC heap after
{Heap after GC invocations=15 (full 0):
 garbage-first heap   total 137216K, used 53452K [0x0000000080000000, 0x0000000100000000)
  region size 1024K, 2 young (2048K), 2 survivors (2048K)
 Metaspace       used 52774K, capacity 54197K, committed 54352K, reserved 1095680K
  class space    used 6710K, capacity 7203K, committed 7296K, reserved 1048576K
}
Event: 12.113 GC heap before
{Heap before GC invocations=15 (full 0):
 garbage-first heap   total 137216K, used 94412K [0x0000000080000000, 0x0000000100000000)
  region size 1024K, 43 young (44032K), 2 survivors (2048K)
 Metaspace       used 57856K, capacity 59394K, committed 59600K, reserved 1101824K
  class space    used 7342K, capacity 7883K, committed 7936K, reserved 1048576K
}
Event: 12.124 GC heap after
{Heap after GC invocations=16 (full 0):
 garbage-first heap   total 137216K, used 56444K [0x0000000080000000, 0x0000000100000000)
  region size 1024K, 5 young (5120K), 5 survivors (5120K)
 Metaspace       used 57856K, capacity 59394K, committed 59600K, reserved 1101824K
  class space    used 7342K, capacity 7883K, committed 7936K, reserved 1048576K
}
Event: 12.398 GC heap before
{Heap before GC invocations=16 (full 0):
 garbage-first heap   total 137216K, used 63612K [0x0000000080000000, 0x0000000100000000)
  region size 1024K, 13 young (13312K), 5 survivors (5120K)
 Metaspace       used 58688K, capacity 60153K, committed 60296K, reserved 1101824K
  class space    used 7419K, capacity 7919K, committed 7936K, reserved 1048576K
}
Event: 12.407 GC heap after
{Heap after GC invocations=17 (full 0):
 garbage-first heap   total 137216K, used 57674K [0x0000000080000000, 0x0000000100000000)
  region size 1024K, 2 young (2048K), 2 survivors (2048K)
 Metaspace       used 58688K, capacity 60153K, committed 60296K, reserved 1101824K
  class space    used 7419K, capacity 7919K, committed 7936K, reserved 1048576K
}
Event: 12.963 GC heap before
{Heap before GC invocations=18 (full 0):
 garbage-first heap   total 137216K, used 92490K [0x0000000080000000, 0x0000000100000000)
  region size 1024K, 36 young (36864K), 2 survivors (2048K)
 Metaspace       used 61565K, capacity 63016K, committed 63188K, reserved 1103872K
  class space    used 7796K, capacity 8295K, committed 8320K, reserved 1048576K
}
Event: 12.968 GC heap after
{Heap after GC invocations=19 (full 0):
 garbage-first heap   total 137216K, used 58928K [0x0000000080000000, 0x0000000100000000)
  region size 1024K, 3 young (3072K), 3 survivors (3072K)
 Metaspace       used 61565K, capacity 63016K, committed 63188K, reserved 1103872K
  class space    used 7796K, capacity 8295K, committed 8320K, reserved 1048576K
}
Event: 13.308 GC heap before
{Heap before GC invocations=19 (full 0):
 garbage-first heap   total 137216K, used 95792K [0x0000000080000000, 0x0000000100000000)
  region size 1024K, 39 young (39936K), 3 survivors (3072K)
 Metaspace       used 63137K, capacity 64702K, committed 64980K, reserved 1105920K
  class space    used 7993K, capacity 8536K, committed 8576K, reserved 1048576K
}
Event: 13.316 GC heap after
{Heap after GC invocations=20 (full 0):
 garbage-first heap   total 137216K, used 62360K [0x0000000080000000, 0x0000000100000000)
  region size 1024K, 5 young (5120K), 5 survivors (5120K)
 Metaspace       used 63137K, capacity 64702K, committed 64980K, reserved 1105920K
  class space    used 7993K, capacity 8536K, committed 8576K, reserved 1048576K
}
Event: 13.905 GC heap before
{Heap before GC invocations=20 (full 0):
 garbage-first heap   total 137216K, used 100248K [0x0000000080000000, 0x0000000100000000)
  region size 1024K, 42 young (43008K), 5 survivors (5120K)
 Metaspace       used 67325K, capacity 68884K, committed 69076K, reserved 1110016K
  class space    used 8708K, capacity 9266K, committed 9344K, reserved 1048576K
}
Event: 13.921 GC heap after
{Heap after GC invocations=21 (full 0):
 garbage-first heap   total 137216K, used 64987K [0x0000000080000000, 0x0000000100000000)
  region size 1024K, 6 young (6144K), 6 survivors (6144K)
 Metaspace       used 67325K, capacity 68884K, committed 69076K, reserved 1110016K
  class space    used 8708K, capacity 9266K, committed 9344K, reserved 1048576K
}
Event: 14.402 GC heap before
{Heap before GC invocations=21 (full 0):
 garbage-first heap   total 137216K, used 100827K [0x0000000080000000, 0x0000000100000000)
  region size 1024K, 42 young (43008K), 6 survivors (6144K)
 Metaspace       used 69910K, capacity 71530K, committed 71636K, reserved 1112064K
  class space    used 9000K, capacity 9568K, committed 9600K, reserved 1048576K
}
Event: 14.415 GC heap after
{Heap after GC invocations=22 (full 0):
 garbage-first heap   total 164864K, used 68092K [0x0000000080000000, 0x0000000100000000)
  region size 1024K, 6 young (6144K), 6 survivors (6144K)
 Metaspace       used 69910K, capacity 71530K, committed 71636K, reserved 1112064K
  class space    used 9000K, capacity 9568K, committed 9600K, reserved 1048576K
}
Event: 152.043 GC heap before
{Heap before GC invocations=22 (full 0):
 garbage-first heap   total 164864K, used 115196K [0x0000000080000000, 0x0000000100000000)
  region size 1024K, 53 young (54272K), 6 survivors (6144K)
 Metaspace       used 74151K, capacity 75929K, committed 76116K, reserved 1116160K
  class space    used 9348K, capacity 9962K, committed 9984K, reserved 1048576K
}
Event: 152.057 GC heap after
{Heap after GC invocations=23 (full 0):
 garbage-first heap   total 164864K, used 70454K [0x0000000080000000, 0x0000000100000000)
  region size 1024K, 6 young (6144K), 6 survivors (6144K)
 Metaspace       used 74151K, capacity 75929K, committed 76116K, reserved 1116160K
  class space    used 9348K, capacity 9962K, committed 9984K, reserved 1048576K
}

