# JRE version: OpenJDK Runtime Environment (11.0.8+10) (build 11.0.8+10-b944.6842174)
# Java VM: OpenJDK 64-Bit Server VM (11.0.8+10-b944.6842174, mixed mode, tiered, compressed oops, g1 gc, windows-amd64)
Heap:
 garbage-first heap   total 294912K, used 177839K [0x0000000080000000, 0x0000000100000000)
  region size 1024K, 31 young (31744K), 3 survivors (3072K)
 Metaspace       used 129569K, capacity 132823K, committed 133196K, reserved 1165312K
  class space    used 15907K, capacity 17076K, committed 17228K, reserved 1048576K
GC Heap History (20 events):
Event: 819.328 GC heap before
{Heap before GC invocations=74 (full 0):
 garbage-first heap   total 245760K, used 223648K [0x0000000080000000, 0x0000000100000000)
  region size 1024K, 29 young (29696K), 2 survivors (2048K)
 Metaspace       used 129028K, capacity 132232K, committed 132684K, reserved 1165312K
  class space    used 15876K, capacity 17020K, committed 17228K, reserved 1048576K
}
Event: 819.336 GC heap after
{Heap after GC invocations=75 (full 0):
 garbage-first heap   total 294912K, used 179514K [0x0000000080000000, 0x0000000100000000)
  region size 1024K, 2 young (2048K), 2 survivors (2048K)
 Metaspace       used 129028K, capacity 132232K, committed 132684K, reserved 1165312K
  class space    used 15876K, capacity 17020K, committed 17228K, reserved 1048576K
}
Event: 819.454 GC heap before
{Heap before GC invocations=75 (full 0):
 garbage-first heap   total 294912K, used 190778K [0x0000000080000000, 0x0000000100000000)
  region size 1024K, 14 young (14336K), 2 survivors (2048K)
 Metaspace       used 129049K, capacity 132232K, committed 132684K, reserved 1165312K
  class space    used 15876K, capacity 17020K, committed 17228K, reserved 1048576K
}
Event: 819.466 GC heap after
{Heap after GC invocations=76 (full 0):
 garbage-first heap   total 294912K, used 153459K [0x0000000080000000, 0x0000000100000000)
  region size 1024K, 2 young (2048K), 2 survivors (2048K)
 Metaspace       used 129049K, capacity 132232K, committed 132684K, reserved 1165312K
  class space    used 15876K, capacity 17020K, committed 17228K, reserved 1048576K
}
Event: 819.834 GC heap before
{Heap before GC invocations=76 (full 0):
 garbage-first heap   total 294912K, used 165747K [0x0000000080000000, 0x0000000100000000)
  region size 1024K, 14 young (14336K), 2 survivors (2048K)
 Metaspace       used 129162K, capacity 132323K, committed 132940K, reserved 1165312K
  class space    used 15880K, capacity 17027K, committed 17228K, reserved 1048576K
}
Event: 819.865 GC heap after
{Heap after GC invocations=77 (full 0):
 garbage-first heap   total 294912K, used 136925K [0x0000000080000000, 0x0000000100000000)
  region size 1024K, 2 young (2048K), 2 survivors (2048K)
 Metaspace       used 129162K, capacity 132323K, committed 132940K, reserved 1165312K
  class space    used 15880K, capacity 17027K, committed 17228K, reserved 1048576K
}
Event: 820.452 GC heap before
{Heap before GC invocations=77 (full 0):
 garbage-first heap   total 294912K, used 202461K [0x0000000080000000, 0x0000000100000000)
  region size 1024K, 67 young (68608K), 2 survivors (2048K)
 Metaspace       used 129194K, capacity 132405K, committed 132940K, reserved 1165312K
  class space    used 15883K, capacity 17031K, committed 17228K, reserved 1048576K
}
Event: 820.471 GC heap after
{Heap after GC invocations=78 (full 0):
 garbage-first heap   total 294912K, used 139706K [0x0000000080000000, 0x0000000100000000)
  region size 1024K, 5 young (5120K), 5 survivors (5120K)
 Metaspace       used 129194K, capacity 132405K, committed 132940K, reserved 1165312K
  class space    used 15883K, capacity 17031K, committed 17228K, reserved 1048576K
}
Event: 821.067 GC heap before
{Heap before GC invocations=79 (full 0):
 garbage-first heap   total 294912K, used 221626K [0x0000000080000000, 0x0000000100000000)
  region size 1024K, 73 young (74752K), 5 survivors (5120K)
 Metaspace       used 129298K, capacity 132488K, committed 132940K, reserved 1165312K
  class space    used 15885K, capacity 17035K, committed 17228K, reserved 1048576K
}
Event: 821.079 GC heap after
{Heap after GC invocations=80 (full 0):
 garbage-first heap   total 294912K, used 136503K [0x0000000080000000, 0x0000000100000000)
  region size 1024K, 6 young (6144K), 6 survivors (6144K)
 Metaspace       used 129298K, capacity 132488K, committed 132940K, reserved 1165312K
  class space    used 15885K, capacity 17035K, committed 17228K, reserved 1048576K
}
Event: 821.135 GC heap before
{Heap before GC invocations=80 (full 0):
 garbage-first heap   total 294912K, used 143671K [0x0000000080000000, 0x0000000100000000)
  region size 1024K, 14 young (14336K), 6 survivors (6144K)
 Metaspace       used 129313K, capacity 132503K, committed 132940K, reserved 1165312K
  class space    used 15887K, capacity 17040K, committed 17228K, reserved 1048576K
}
Event: 821.147 GC heap after
{Heap after GC invocations=81 (full 0):
 garbage-first heap   total 294912K, used 123195K [0x0000000080000000, 0x0000000100000000)
  region size 1024K, 2 young (2048K), 2 survivors (2048K)
 Metaspace       used 129313K, capacity 132503K, committed 132940K, reserved 1165312K
  class space    used 15887K, capacity 17040K, committed 17228K, reserved 1048576K
}
Event: 821.633 GC heap before
{Heap before GC invocations=81 (full 0):
 garbage-first heap   total 294912K, used 203067K [0x0000000080000000, 0x0000000100000000)
  region size 1024K, 81 young (82944K), 2 survivors (2048K)
 Metaspace       used 129332K, capacity 132512K, committed 132940K, reserved 1165312K
  class space    used 15889K, capacity 17042K, committed 17228K, reserved 1048576K
}
Event: 821.641 GC heap after
{Heap after GC invocations=82 (full 0):
 garbage-first heap   total 294912K, used 124212K [0x0000000080000000, 0x0000000100000000)
  region size 1024K, 3 young (3072K), 3 survivors (3072K)
 Metaspace       used 129332K, capacity 132512K, committed 132940K, reserved 1165312K
  class space    used 15889K, capacity 17042K, committed 17228K, reserved 1048576K
}
Event: 823.022 GC heap before
{Heap before GC invocations=83 (full 0):
 garbage-first heap   total 294912K, used 211252K [0x0000000080000000, 0x0000000100000000)
  region size 1024K, 89 young (91136K), 3 survivors (3072K)
 Metaspace       used 129389K, capacity 132660K, committed 133196K, reserved 1165312K
  class space    used 15892K, capacity 17048K, committed 17228K, reserved 1048576K
}
Event: 823.036 GC heap after
{Heap after GC invocations=84 (full 0):
 garbage-first heap   total 294912K, used 131381K [0x0000000080000000, 0x0000000100000000)
  region size 1024K, 10 young (10240K), 10 survivors (10240K)
 Metaspace       used 129389K, capacity 132660K, committed 133196K, reserved 1165312K
  class space    used 15892K, capacity 17048K, committed 17228K, reserved 1048576K
}
Event: 823.045 GC heap before
{Heap before GC invocations=84 (full 0):
 garbage-first heap   total 294912K, used 135477K [0x0000000080000000, 0x0000000100000000)
  region size 1024K, 14 young (14336K), 10 survivors (10240K)
 Metaspace       used 129389K, capacity 132660K, committed 133196K, reserved 1165312K
  class space    used 15892K, capacity 17048K, committed 17228K, reserved 1048576K
}
Event: 823.058 GC heap after
{Heap after GC invocations=85 (full 0):
 garbage-first heap   total 294912K, used 131089K [0x0000000080000000, 0x0000000100000000)
  region size 1024K, 2 young (2048K), 2 survivors (2048K)
 Metaspace       used 129389K, capacity 132660K, committed 133196K, reserved 1165312K
  class space    used 15892K, capacity 17048K, committed 17228K, reserved 1048576K
}
Event: 823.443 GC heap before
{Heap before GC invocations=85 (full 0):
 garbage-first heap   total 294912K, used 214033K [0x0000000080000000, 0x0000000100000000)
  region size 1024K, 85 young (87040K), 2 survivors (2048K)
 Metaspace       used 129462K, capacity 132702K, committed 133196K, reserved 1165312K
  class space    used 15900K, capacity 17062K, committed 17228K, reserved 1048576K
}
Event: 823.450 GC heap after
{Heap after GC invocations=86 (full 0):
 garbage-first heap   total 294912K, used 131759K [0x0000000080000000, 0x0000000100000000)
  region size 1024K, 3 young (3072K), 3 survivors (3072K)
 Metaspace       used 129462K, capacity 132702K, committed 133196K, reserved 1165312K
  class space    used 15900K, capacity 17062K, committed 17228K, reserved 1048576K
}

