# JRE version: OpenJDK Runtime Environment (11.0.8+10) (build 11.0.8+10-b944.6842174)
# Java VM: OpenJDK 64-Bit Server VM (11.0.8+10-b944.6842174, mixed mode, tiered, compressed oops, g1 gc, windows-amd64)
Heap:
 garbage-first heap   total 164864K, used 102921K [0x0000000080000000, 0x0000000100000000)
  region size 1024K, 5 young (5120K), 4 survivors (4096K)
 Metaspace       used 94243K, capacity 96845K, committed 97228K, reserved 1134592K
  class space    used 11988K, capacity 12870K, committed 13004K, reserved 1048576K
GC Heap History (20 events):
Event: 420.024 GC heap before
{Heap before GC invocations=22 (full 0):
 garbage-first heap   total 164864K, used 131682K [0x0000000080000000, 0x0000000100000000)
  region size 1024K, 58 young (59392K), 8 survivors (8192K)
 Metaspace       used 84866K, capacity 86972K, committed 87116K, reserved 1124352K
  class space    used 10767K, capacity 11473K, committed 11596K, reserved 1048576K
}
Event: 420.041 GC heap after
{Heap after GC invocations=23 (full 0):
 garbage-first heap   total 164864K, used 86467K [0x0000000080000000, 0x0000000100000000)
  region size 1024K, 6 young (6144K), 6 survivors (6144K)
 Metaspace       used 84866K, capacity 86972K, committed 87116K, reserved 1124352K
  class space    used 10767K, capacity 11473K, committed 11596K, reserved 1048576K
}
Event: 420.639 GC heap before
{Heap before GC invocations=23 (full 0):
 garbage-first heap   total 164864K, used 132547K [0x0000000080000000, 0x0000000100000000)
  region size 1024K, 52 young (53248K), 6 survivors (6144K)
 Metaspace       used 85181K, capacity 87287K, committed 87628K, reserved 1126400K
  class space    used 10781K, capacity 11479K, committed 11596K, reserved 1048576K
}
Event: 420.651 GC heap after
{Heap after GC invocations=24 (full 0):
 garbage-first heap   total 164864K, used 89497K [0x0000000080000000, 0x0000000100000000)
  region size 1024K, 5 young (5120K), 5 survivors (5120K)
 Metaspace       used 85181K, capacity 87287K, committed 87628K, reserved 1126400K
  class space    used 10781K, capacity 11479K, committed 11596K, reserved 1048576K
}
Event: 421.283 GC heap before
{Heap before GC invocations=25 (full 0):
 garbage-first heap   total 164864K, used 133529K [0x0000000080000000, 0x0000000100000000)
  region size 1024K, 49 young (50176K), 5 survivors (5120K)
 Metaspace       used 85287K, capacity 87355K, committed 87628K, reserved 1126400K
  class space    used 10772K, capacity 11490K, committed 11596K, reserved 1048576K
}
Event: 421.290 GC heap after
{Heap after GC invocations=26 (full 0):
 garbage-first heap   total 164864K, used 91782K [0x0000000080000000, 0x0000000100000000)
  region size 1024K, 4 young (4096K), 4 survivors (4096K)
 Metaspace       used 85287K, capacity 87355K, committed 87628K, reserved 1126400K
  class space    used 10772K, capacity 11490K, committed 11596K, reserved 1048576K
}
Event: 422.138 GC heap before
{Heap before GC invocations=26 (full 0):
 garbage-first heap   total 164864K, used 134790K [0x0000000080000000, 0x0000000100000000)
  region size 1024K, 47 young (48128K), 4 survivors (4096K)
 Metaspace       used 85372K, capacity 87472K, committed 87628K, reserved 1126400K
  class space    used 10782K, capacity 11499K, committed 11596K, reserved 1048576K
}
Event: 422.154 GC heap after
{Heap after GC invocations=27 (full 0):
 garbage-first heap   total 164864K, used 94893K [0x0000000080000000, 0x0000000100000000)
  region size 1024K, 5 young (5120K), 5 survivors (5120K)
 Metaspace       used 85372K, capacity 87472K, committed 87628K, reserved 1126400K
  class space    used 10782K, capacity 11499K, committed 11596K, reserved 1048576K
}
Event: 423.769 GC heap before
{Heap before GC invocations=28 (full 0):
 garbage-first heap   total 164864K, used 134829K [0x0000000080000000, 0x0000000100000000)
  region size 1024K, 45 young (46080K), 5 survivors (5120K)
 Metaspace       used 86184K, capacity 88259K, committed 88524K, reserved 1126400K
  class space    used 10909K, capacity 11632K, committed 11724K, reserved 1048576K
}
Event: 423.776 GC heap after
{Heap after GC invocations=29 (full 0):
 garbage-first heap   total 164864K, used 96204K [0x0000000080000000, 0x0000000100000000)
  region size 1024K, 3 young (3072K), 3 survivors (3072K)
 Metaspace       used 86184K, capacity 88259K, committed 88524K, reserved 1126400K
  class space    used 10909K, capacity 11632K, committed 11724K, reserved 1048576K
}
Event: 423.817 GC heap before
{Heap before GC invocations=29 (full 0):
 garbage-first heap   total 164864K, used 100300K [0x0000000080000000, 0x0000000100000000)
  region size 1024K, 8 young (8192K), 3 survivors (3072K)
 Metaspace       used 86641K, capacity 88707K, committed 88780K, reserved 1126400K
  class space    used 10974K, capacity 11696K, committed 11724K, reserved 1048576K
}
Event: 423.823 GC heap after
{Heap after GC invocations=30 (full 0):
 garbage-first heap   total 164864K, used 95532K [0x0000000080000000, 0x0000000100000000)
  region size 1024K, 1 young (1024K), 1 survivors (1024K)
 Metaspace       used 86641K, capacity 88707K, committed 88780K, reserved 1126400K
  class space    used 10974K, capacity 11696K, committed 11724K, reserved 1048576K
}
Event: 424.490 GC heap before
{Heap before GC invocations=30 (full 0):
 garbage-first heap   total 164864K, used 136492K [0x0000000080000000, 0x0000000100000000)
  region size 1024K, 41 young (41984K), 1 survivors (1024K)
 Metaspace       used 90323K, capacity 92449K, committed 92620K, reserved 1130496K
  class space    used 11417K, capacity 12131K, committed 12236K, reserved 1048576K
}
Event: 424.496 GC heap after
{Heap after GC invocations=31 (full 0):
 garbage-first heap   total 164864K, used 98324K [0x0000000080000000, 0x0000000100000000)
  region size 1024K, 4 young (4096K), 4 survivors (4096K)
 Metaspace       used 90323K, capacity 92449K, committed 92620K, reserved 1130496K
  class space    used 11417K, capacity 12131K, committed 12236K, reserved 1048576K
}
Event: 680.403 GC heap before
{Heap before GC invocations=32 (full 0):
 garbage-first heap   total 164864K, used 135188K [0x0000000080000000, 0x0000000100000000)
  region size 1024K, 41 young (41984K), 4 survivors (4096K)
 Metaspace       used 93416K, capacity 95853K, committed 95948K, reserved 1132544K
  class space    used 11871K, capacity 12704K, committed 12748K, reserved 1048576K
}
Event: 680.412 GC heap after
{Heap after GC invocations=33 (full 0):
 garbage-first heap   total 164864K, used 99689K [0x0000000080000000, 0x0000000100000000)
  region size 1024K, 2 young (2048K), 2 survivors (2048K)
 Metaspace       used 93416K, capacity 95853K, committed 95948K, reserved 1132544K
  class space    used 11871K, capacity 12704K, committed 12748K, reserved 1048576K
}
Event: 868.531 GC heap before
{Heap before GC invocations=33 (full 0):
 garbage-first heap   total 164864K, used 104809K [0x0000000080000000, 0x0000000100000000)
  region size 1024K, 8 young (8192K), 2 survivors (2048K)
 Metaspace       used 93675K, capacity 96137K, committed 96332K, reserved 1132544K
  class space    used 11917K, capacity 12779K, committed 12876K, reserved 1048576K
}
Event: 868.537 GC heap after
{Heap after GC invocations=34 (full 0):
 garbage-first heap   total 164864K, used 99579K [0x0000000080000000, 0x0000000100000000)
  region size 1024K, 1 young (1024K), 1 survivors (1024K)
 Metaspace       used 93675K, capacity 96137K, committed 96332K, reserved 1132544K
  class space    used 11917K, capacity 12779K, committed 12876K, reserved 1048576K
}
Event: 869.177 GC heap before
{Heap before GC invocations=34 (full 0):
 garbage-first heap   total 164864K, used 138491K [0x0000000080000000, 0x0000000100000000)
  region size 1024K, 39 young (39936K), 1 survivors (1024K)
 Metaspace       used 94243K, capacity 96845K, committed 97228K, reserved 1134592K
  class space    used 11988K, capacity 12870K, committed 13004K, reserved 1048576K
}
Event: 869.195 GC heap after
{Heap after GC invocations=35 (full 0):
 garbage-first heap   total 164864K, used 102921K [0x0000000080000000, 0x0000000100000000)
  region size 1024K, 4 young (4096K), 4 survivors (4096K)
 Metaspace       used 94243K, capacity 96845K, committed 97228K, reserved 1134592K
  class space    used 11988K, capacity 12870K, committed 13004K, reserved 1048576K
}

